2026-02-02 13:09:54,560 [INFO] Activator:177 - 


2026-02-02 13:09:54,561 [INFO] Activator:178 - !SESSION log4j initialized
2026-02-02 13:10:00,960 [INFO] McuFinderGlobals:39 - Set McuFinder mode to 2 (CubeIDE integrated)
2026-02-02 13:10:01,243 [INFO] ApplicationProperties:181 - Using Application install path: G:\STM32\STM32CubeIDE_1.7.0\STM32CubeIDE\plugins\com.st.stm32cube.common.mx_6.3.0.202107141111
2026-02-02 13:10:01,259 [INFO] DbMcusXml:74 - Set database path to: G:\STM32\STM32CubeIDE_1.7.0\STM32CubeIDE\plugins\com.st.stm32cube.common.mx_6.3.0.202107141111\\db\/mcu/
2026-02-02 13:10:01,271 [INFO] DbBoardsPdsc:56 - Set plugin database path to: G:\STM32\STM32CubeIDE_1.7.0\STM32CubeIDE\plugins\com.st.stm32cube.common.mx_6.3.0.202107141111\\db\/plugins/boardmanager/
2026-02-02 13:10:01,271 [INFO] DbMcus:258 - Set plugin images path to: G:\STM32\STM32CubeIDE_1.7.0\STM32CubeIDE\plugins\com.st.stm32cube.common.mx_6.3.0.202107141111\\db\/plugins/mcufinder/images/
2026-02-02 13:10:01,272 [INFO] DbBoards:264 - Set plugin images path to: G:\STM32\STM32CubeIDE_1.7.0\STM32CubeIDE\plugins\com.st.stm32cube.common.mx_6.3.0.202107141111\\db\/plugins/mcufinder/images/
2026-02-02 13:10:01,274 [INFO] DbExamples:333 - Set plugin images path to: G:\STM32\STM32CubeIDE_1.7.0\STM32CubeIDE\plugins\com.st.stm32cube.common.mx_6.3.0.202107141111\\db\/plugins/mcufinder/images/
2026-02-02 13:10:01,280 [INFO] DbMcusAds:119 - Set database path to: C:\Users\ADMIN\.stmcufinder\plugins\mcufinder//mcu/
2026-02-02 13:10:01,281 [INFO] DbMcusDocs:110 - Set database path to: C:\Users\ADMIN\.stmcufinder\plugins\mcufinder//mcu/
2026-02-02 13:10:01,283 [INFO] DbMcusJson:64 - Set database path to: C:\Users\ADMIN\.stmcufinder\plugins\mcufinder//mcu/
2026-02-02 13:10:01,284 [INFO] DbBoardsDocs:110 - Set database path to: C:\Users\ADMIN\.stmcufinder\plugins\mcufinder//mcu/
2026-02-02 13:10:01,286 [INFO] DbBoardsJson:57 - Set database path to: C:\Users\ADMIN\.stmcufinder\plugins\mcufinder//mcu/
2026-02-02 13:10:01,289 [INFO] CrossReferenceDbSqlite:196 - Set database path to: C:\Users\ADMIN\.stmcufinder\plugins\mcufinder//mcu/cs/
2026-02-02 13:10:01,292 [INFO] DbExamplesSqlite:767 - Set database path to: C:\Users\ADMIN\.stmcufinder\plugins\mcufinder//mcu/
2026-02-02 13:10:01,395 [INFO] RulesReader:57 - Compatibility file has been processed (242 Rules)
2026-02-02 13:10:01,501 [INFO] DbMcusXml:74 - Set database path to: G:\STM32\STM32CubeIDE_1.7.0\STM32CubeIDE\plugins\com.st.stm32cube.common.mx_6.3.0.202107141111\\db\/mcu/
2026-02-02 13:10:01,502 [INFO] DbBoardsPdsc:56 - Set plugin database path to: G:\STM32\STM32CubeIDE_1.7.0\STM32CubeIDE\plugins\com.st.stm32cube.common.mx_6.3.0.202107141111\\db\/plugins/boardmanager/
2026-02-02 13:10:01,503 [INFO] DbMcus:258 - Set plugin images path to: G:\STM32\STM32CubeIDE_1.7.0\STM32CubeIDE\plugins\com.st.stm32cube.common.mx_6.3.0.202107141111\\db\/plugins/mcufinder/images/
2026-02-02 13:10:01,503 [INFO] DbBoards:264 - Set plugin images path to: G:\STM32\STM32CubeIDE_1.7.0\STM32CubeIDE\plugins\com.st.stm32cube.common.mx_6.3.0.202107141111\\db\/plugins/mcufinder/images/
2026-02-02 13:10:01,503 [INFO] DbExamples:333 - Set plugin images path to: G:\STM32\STM32CubeIDE_1.7.0\STM32CubeIDE\plugins\com.st.stm32cube.common.mx_6.3.0.202107141111\\db\/plugins/mcufinder/images/
2026-02-02 13:10:01,503 [WARN] DbFile:35 - Overriding database path with different value: C:\Users\ADMIN\.stmcufinder\plugins\mcufinder/ => C:\Users\ADMIN\.stmcufinder\plugins\mcufinder
2026-02-02 13:10:01,503 [INFO] DbMcusAds:119 - Set database path to: C:\Users\ADMIN\.stmcufinder\plugins\mcufinder//mcu/
2026-02-02 13:10:01,504 [WARN] DbFile:35 - Overriding database path with different value: C:\Users\ADMIN\.stmcufinder\plugins\mcufinder/ => C:\Users\ADMIN\.stmcufinder\plugins\mcufinder
2026-02-02 13:10:01,504 [INFO] DbMcusDocs:110 - Set database path to: C:\Users\ADMIN\.stmcufinder\plugins\mcufinder//mcu/
2026-02-02 13:10:01,504 [WARN] DbFile:35 - Overriding database path with different value: C:\Users\ADMIN\.stmcufinder\plugins\mcufinder/ => C:\Users\ADMIN\.stmcufinder\plugins\mcufinder
2026-02-02 13:10:01,504 [INFO] DbMcusJson:64 - Set database path to: C:\Users\ADMIN\.stmcufinder\plugins\mcufinder//mcu/
2026-02-02 13:10:01,504 [WARN] DbFile:35 - Overriding database path with different value: C:\Users\ADMIN\.stmcufinder\plugins\mcufinder/ => C:\Users\ADMIN\.stmcufinder\plugins\mcufinder
2026-02-02 13:10:01,504 [INFO] DbBoardsDocs:110 - Set database path to: C:\Users\ADMIN\.stmcufinder\plugins\mcufinder//mcu/
2026-02-02 13:10:01,504 [WARN] DbFile:35 - Overriding database path with different value: C:\Users\ADMIN\.stmcufinder\plugins\mcufinder/ => C:\Users\ADMIN\.stmcufinder\plugins\mcufinder
2026-02-02 13:10:01,504 [INFO] DbBoardsJson:57 - Set database path to: C:\Users\ADMIN\.stmcufinder\plugins\mcufinder//mcu/
2026-02-02 13:10:01,504 [WARN] DbFile:35 - Overriding database path with different value: C:\Users\ADMIN\.stmcufinder\plugins\mcufinder/ => C:\Users\ADMIN\.stmcufinder\plugins\mcufinder
2026-02-02 13:10:01,504 [WARN] DbFile:35 - Overriding database path with different value: C:\Users\ADMIN\.stmcufinder\plugins\mcufinder/ => C:\Users\ADMIN\.stmcufinder\plugins\mcufinder
2026-02-02 13:10:01,504 [INFO] CrossReferenceDbSqlite:196 - Set database path to: C:\Users\ADMIN\.stmcufinder\plugins\mcufinder//mcu/cs/
2026-02-02 13:10:01,504 [WARN] DbFile:35 - Overriding database path with different value: C:\Users\ADMIN\.stmcufinder\plugins\mcufinder/ => C:\Users\ADMIN\.stmcufinder\plugins\mcufinder
2026-02-02 13:10:01,504 [INFO] DbExamplesSqlite:767 - Set database path to: C:\Users\ADMIN\.stmcufinder\plugins\mcufinder//mcu/
2026-02-02 13:10:01,599 [INFO] MainPanel:214 - HeapMemory: 268435456
2026-02-02 13:10:01,717 [INFO] DbMcusXml:74 - Set database path to: G:\STM32\STM32CubeIDE_1.7.0\STM32CubeIDE\plugins\com.st.stm32cube.common.mx_6.3.0.202107141111\\db\/mcu/
2026-02-02 13:10:01,717 [INFO] DbBoardsPdsc:56 - Set plugin database path to: G:\STM32\STM32CubeIDE_1.7.0\STM32CubeIDE\plugins\com.st.stm32cube.common.mx_6.3.0.202107141111\\db\/plugins/boardmanager/
2026-02-02 13:10:01,717 [INFO] DbMcus:258 - Set plugin images path to: G:\STM32\STM32CubeIDE_1.7.0\STM32CubeIDE\plugins\com.st.stm32cube.common.mx_6.3.0.202107141111\\db\/plugins/mcufinder/images/
2026-02-02 13:10:01,717 [INFO] DbBoards:264 - Set plugin images path to: G:\STM32\STM32CubeIDE_1.7.0\STM32CubeIDE\plugins\com.st.stm32cube.common.mx_6.3.0.202107141111\\db\/plugins/mcufinder/images/
2026-02-02 13:10:01,717 [INFO] DbExamples:333 - Set plugin images path to: G:\STM32\STM32CubeIDE_1.7.0\STM32CubeIDE\plugins\com.st.stm32cube.common.mx_6.3.0.202107141111\\db\/plugins/mcufinder/images/
2026-02-02 13:10:01,718 [WARN] DbFile:35 - Overriding database path with different value: C:\Users\ADMIN\.stmcufinder\plugins\mcufinder/ => C:\Users\ADMIN\.stmcufinder\plugins\mcufinder
2026-02-02 13:10:01,718 [INFO] DbMcusAds:119 - Set database path to: C:\Users\ADMIN\.stmcufinder\plugins\mcufinder//mcu/
2026-02-02 13:10:01,718 [WARN] DbFile:35 - Overriding database path with different value: C:\Users\ADMIN\.stmcufinder\plugins\mcufinder/ => C:\Users\ADMIN\.stmcufinder\plugins\mcufinder
2026-02-02 13:10:01,718 [INFO] DbMcusDocs:110 - Set database path to: C:\Users\ADMIN\.stmcufinder\plugins\mcufinder//mcu/
2026-02-02 13:10:01,719 [WARN] DbFile:35 - Overriding database path with different value: C:\Users\ADMIN\.stmcufinder\plugins\mcufinder/ => C:\Users\ADMIN\.stmcufinder\plugins\mcufinder
2026-02-02 13:10:01,719 [INFO] DbMcusJson:64 - Set database path to: C:\Users\ADMIN\.stmcufinder\plugins\mcufinder//mcu/
2026-02-02 13:10:01,719 [WARN] DbFile:35 - Overriding database path with different value: C:\Users\ADMIN\.stmcufinder\plugins\mcufinder/ => C:\Users\ADMIN\.stmcufinder\plugins\mcufinder
2026-02-02 13:10:01,719 [INFO] DbBoardsDocs:110 - Set database path to: C:\Users\ADMIN\.stmcufinder\plugins\mcufinder//mcu/
2026-02-02 13:10:01,719 [WARN] DbFile:35 - Overriding database path with different value: C:\Users\ADMIN\.stmcufinder\plugins\mcufinder/ => C:\Users\ADMIN\.stmcufinder\plugins\mcufinder
2026-02-02 13:10:01,719 [INFO] DbBoardsJson:57 - Set database path to: C:\Users\ADMIN\.stmcufinder\plugins\mcufinder//mcu/
2026-02-02 13:10:01,719 [WARN] DbFile:35 - Overriding database path with different value: C:\Users\ADMIN\.stmcufinder\plugins\mcufinder/ => C:\Users\ADMIN\.stmcufinder\plugins\mcufinder
2026-02-02 13:10:01,719 [WARN] DbFile:35 - Overriding database path with different value: C:\Users\ADMIN\.stmcufinder\plugins\mcufinder/ => C:\Users\ADMIN\.stmcufinder\plugins\mcufinder
2026-02-02 13:10:01,719 [INFO] CrossReferenceDbSqlite:196 - Set database path to: C:\Users\ADMIN\.stmcufinder\plugins\mcufinder//mcu/cs/
2026-02-02 13:10:01,719 [WARN] DbFile:35 - Overriding database path with different value: C:\Users\ADMIN\.stmcufinder\plugins\mcufinder/ => C:\Users\ADMIN\.stmcufinder\plugins\mcufinder
2026-02-02 13:10:01,719 [INFO] DbExamplesSqlite:767 - Set database path to: C:\Users\ADMIN\.stmcufinder\plugins\mcufinder//mcu/
2026-02-02 13:10:01,742 [INFO] ApplicationProperties:181 - Using Application install path: G:\STM32\STM32CubeIDE_1.7.0\STM32CubeIDE\plugins\com.st.stm32cube.common.mx_6.3.0.202107141111
2026-02-02 13:10:01,743 [INFO] PluginManage:188 - Search for loadable plugins [exclusion list=, ]
2026-02-02 13:10:01,744 [INFO] PluginManage:302 - Check plugin analytics
2026-02-02 13:10:01,902 [INFO] AnalyticsPlugin:257 - Accepted Software Licenses: 
2026-02-02 13:10:01,902 [INFO] AnalyticsPlugin:259 - Accepted CMSIS Pack Licenses: 
2026-02-02 13:10:01,903 [INFO] AnalyticsPlugin:261 - Accepted Firmware Licenses: 
2026-02-02 13:10:01,903 [INFO] PluginManage:352 - Loaded plugin analytics (category:tool,tabindex:-1)
2026-02-02 13:10:01,904 [INFO] PluginManage:302 - Check plugin clock
2026-02-02 13:10:01,913 [INFO] PluginManage:352 - Loaded plugin clock (category:base,tabindex:2)
2026-02-02 13:10:01,915 [INFO] PluginManage:302 - Check plugin ddr
2026-02-02 13:10:01,916 [INFO] PluginManage:352 - Loaded plugin ddr (category:tool,tabindex:6)
2026-02-02 13:10:01,916 [INFO] PluginManage:302 - Check plugin filemanager
2026-02-02 13:10:02,044 [INFO] PluginManage:352 - Loaded plugin filemanager (category:base,tabindex:10)
2026-02-02 13:10:02,044 [INFO] PluginManage:302 - Check plugin ipmanager
2026-02-02 13:10:02,054 [INFO] PluginManage:352 - Loaded plugin ipmanager (category:base,tabindex:5)
2026-02-02 13:10:02,055 [INFO] PluginManage:302 - Check plugin pinoutandconfiguration
2026-02-02 13:10:02,063 [INFO] PluginManage:352 - Loaded plugin pinoutandconfiguration (category:base,tabindex:1)
2026-02-02 13:10:02,063 [INFO] PluginManage:302 - Check plugin pinoutconfig
2026-02-02 13:10:02,092 [INFO] PluginManage:352 - Loaded plugin pinoutconfig (category:base,tabindex:0)
2026-02-02 13:10:02,092 [INFO] PluginManage:302 - Check plugin power
2026-02-02 13:10:02,103 [INFO] PluginManage:352 - Loaded plugin power (category:power,tabindex:4)
2026-02-02 13:10:02,104 [INFO] PluginManage:302 - Check plugin projectmanager
2026-02-02 13:10:02,122 [INFO] PluginManage:352 - Loaded plugin projectmanager (category:projectmanager,tabindex:3)
2026-02-02 13:10:02,122 [INFO] PluginManage:302 - Check plugin thirdparty
2026-02-02 13:10:02,277 [INFO] PluginManage:352 - Loaded plugin thirdparty (category:base,tabindex:-1)
2026-02-02 13:10:02,277 [INFO] PluginManage:302 - Check plugin tools
2026-02-02 13:10:02,277 [WARN] IntegrityCheckThread:78 - waiting for thirdparty lock release [integrity check]
2026-02-02 13:10:02,278 [INFO] IntegrityCheckThread:80 - entering critical section [integrity check]
2026-02-02 13:10:02,278 [INFO] ThirdPartyUpdaterWithRetryManager:66 - Updater plugin not ready yet. [1/15]
2026-02-02 13:10:02,281 [INFO] PluginManage:352 - Loaded plugin tools (category:base,tabindex:7)
2026-02-02 13:10:02,281 [INFO] PluginManage:302 - Check plugin tutovideos
2026-02-02 13:10:02,553 [INFO] PluginManage:352 - Loaded plugin tutovideos (category:base,tabindex:-1)
2026-02-02 13:10:02,553 [INFO] PluginManage:302 - Check plugin updater
2026-02-02 13:10:02,567 [INFO] PluginManage:352 - Loaded plugin updater (category:base,tabindex:12)
2026-02-02 13:10:02,568 [INFO] PluginManage:275 - PluginManage : Loaded plugins [13]
2026-02-02 13:10:02,793 [INFO] PinOutPanel:1463 - setPackage(No Configuration,No Configuration)
2026-02-02 13:10:02,887 [INFO] IPUIPlugin:74 - create IPUIPlugin
2026-02-02 13:10:02,887 [INFO] PluginManager:213 - loadIPPluginJar : add adc
2026-02-02 13:10:02,890 [INFO] IPUIPlugin:74 - create IPUIPlugin
2026-02-02 13:10:02,890 [INFO] PluginManager:213 - loadIPPluginJar : add aes
2026-02-02 13:10:02,894 [INFO] IPUIPlugin:74 - create IPUIPlugin
2026-02-02 13:10:02,894 [INFO] PluginManager:213 - loadIPPluginJar : add can
2026-02-02 13:10:02,896 [INFO] IPUIPlugin:74 - create IPUIPlugin
2026-02-02 13:10:02,896 [INFO] PluginManager:213 - loadIPPluginJar : add comp
2026-02-02 13:10:02,898 [INFO] IPUIPlugin:74 - create IPUIPlugin
2026-02-02 13:10:02,899 [INFO] PluginManager:213 - loadIPPluginJar : add cryp
2026-02-02 13:10:02,901 [INFO] IPUIPlugin:74 - create IPUIPlugin
2026-02-02 13:10:02,901 [INFO] PluginManager:213 - loadIPPluginJar : add dfsdm
2026-02-02 13:10:02,907 [INFO] IPUIPlugin:74 - create IPUIPlugin
2026-02-02 13:10:02,908 [INFO] PluginManager:213 - loadIPPluginJar : add dma
2026-02-02 13:10:02,910 [INFO] IPUIPlugin:74 - create IPUIPlugin
2026-02-02 13:10:02,910 [INFO] PluginManager:213 - loadIPPluginJar : add dma3
2026-02-02 13:10:02,912 [INFO] IPUIPlugin:74 - create IPUIPlugin
2026-02-02 13:10:02,912 [INFO] PluginManager:213 - loadIPPluginJar : add fatfs
2026-02-02 13:10:02,916 [INFO] IPUIPlugin:74 - create IPUIPlugin
2026-02-02 13:10:02,916 [INFO] PluginManager:213 - loadIPPluginJar : add fmc
2026-02-02 13:10:02,921 [INFO] IPUIPlugin:74 - create IPUIPlugin
2026-02-02 13:10:02,922 [INFO] PluginManager:213 - loadIPPluginJar : add freertos
2026-02-02 13:10:02,923 [INFO] IPUIPlugin:74 - create IPUIPlugin
2026-02-02 13:10:02,923 [INFO] PluginManager:213 - loadIPPluginJar : add genericplugin
2026-02-02 13:10:02,926 [INFO] IPUIPlugin:74 - create IPUIPlugin
2026-02-02 13:10:02,926 [INFO] PluginManager:213 - loadIPPluginJar : add gfxmmu
2026-02-02 13:10:02,931 [INFO] IPUIPlugin:74 - create IPUIPlugin
2026-02-02 13:10:02,931 [INFO] PluginManager:213 - loadIPPluginJar : add gic
2026-02-02 13:10:02,935 [INFO] IPUIPlugin:74 - create IPUIPlugin
2026-02-02 13:10:02,936 [INFO] PluginManager:213 - loadIPPluginJar : add gpio
2026-02-02 13:10:02,938 [INFO] IPUIPlugin:74 - create IPUIPlugin
2026-02-02 13:10:02,938 [INFO] PluginManager:213 - loadIPPluginJar : add gtzc
2026-02-02 13:10:02,940 [INFO] IPUIPlugin:74 - create IPUIPlugin
2026-02-02 13:10:02,940 [INFO] PluginManager:213 - loadIPPluginJar : add hash
2026-02-02 13:10:02,943 [INFO] IPUIPlugin:74 - create IPUIPlugin
2026-02-02 13:10:02,943 [INFO] PluginManager:213 - loadIPPluginJar : add i2c
2026-02-02 13:10:02,946 [INFO] IPUIPlugin:74 - create IPUIPlugin
2026-02-02 13:10:02,946 [INFO] PluginManager:213 - loadIPPluginJar : add i2s
2026-02-02 13:10:02,951 [INFO] IPUIPlugin:74 - create IPUIPlugin
2026-02-02 13:10:02,951 [INFO] PluginManager:213 - loadIPPluginJar : add ipddr
2026-02-02 13:10:02,959 [INFO] IPUIPlugin:74 - create IPUIPlugin
2026-02-02 13:10:02,959 [INFO] PluginManager:213 - loadIPPluginJar : add linkedlist
2026-02-02 13:10:02,962 [INFO] IPUIPlugin:74 - create IPUIPlugin
2026-02-02 13:10:02,962 [INFO] PluginManager:213 - loadIPPluginJar : add lorawan
2026-02-02 13:10:02,963 [INFO] IPUIPlugin:74 - create IPUIPlugin
2026-02-02 13:10:02,964 [INFO] PluginManager:213 - loadIPPluginJar : add ltdc
2026-02-02 13:10:02,967 [INFO] IPUIPlugin:74 - create IPUIPlugin
2026-02-02 13:10:02,968 [INFO] PluginManager:213 - loadIPPluginJar : add mdma
2026-02-02 13:10:02,971 [INFO] IPUIPlugin:74 - create IPUIPlugin
2026-02-02 13:10:02,972 [INFO] PluginManager:213 - loadIPPluginJar : add nvic
2026-02-02 13:10:02,974 [INFO] IPUIPlugin:74 - create IPUIPlugin
2026-02-02 13:10:02,975 [INFO] PluginManager:213 - loadIPPluginJar : add opamp
2026-02-02 13:10:02,976 [INFO] IPUIPlugin:74 - create IPUIPlugin
2026-02-02 13:10:02,977 [INFO] PluginManager:213 - loadIPPluginJar : add openamp
2026-02-02 13:10:02,979 [INFO] IPUIPlugin:74 - create IPUIPlugin
2026-02-02 13:10:02,979 [INFO] PluginManager:213 - loadIPPluginJar : add pdm2pcm
2026-02-02 13:10:02,986 [INFO] IPUIPlugin:74 - create IPUIPlugin
2026-02-02 13:10:02,990 [INFO] PluginManager:213 - loadIPPluginJar : add plateformsettings
2026-02-02 13:10:02,993 [INFO] IPUIPlugin:74 - create IPUIPlugin
2026-02-02 13:10:02,993 [INFO] PluginManager:213 - loadIPPluginJar : add quadspi
2026-02-02 13:10:02,996 [INFO] IPUIPlugin:74 - create IPUIPlugin
2026-02-02 13:10:02,997 [INFO] PluginManager:213 - loadIPPluginJar : add resmgrutility
2026-02-02 13:10:02,999 [INFO] IPUIPlugin:74 - create IPUIPlugin
2026-02-02 13:10:02,999 [INFO] PluginManager:213 - loadIPPluginJar : add sai
2026-02-02 13:10:03,003 [INFO] IPUIPlugin:74 - create IPUIPlugin
2026-02-02 13:10:03,004 [INFO] PluginManager:213 - loadIPPluginJar : add spi
2026-02-02 13:10:03,008 [INFO] IPUIPlugin:74 - create IPUIPlugin
2026-02-02 13:10:03,009 [INFO] PluginManager:213 - loadIPPluginJar : add stm32_wpan
2026-02-02 13:10:03,010 [INFO] IPUIPlugin:74 - create IPUIPlugin
2026-02-02 13:10:03,010 [INFO] PluginManager:213 - loadIPPluginJar : add tim
2026-02-02 13:10:03,013 [INFO] IPUIPlugin:74 - create IPUIPlugin
2026-02-02 13:10:03,013 [INFO] PluginManager:213 - loadIPPluginJar : add touchsensing
2026-02-02 13:10:03,015 [INFO] IPUIPlugin:74 - create IPUIPlugin
2026-02-02 13:10:03,015 [INFO] PluginManager:213 - loadIPPluginJar : add tracer_emb
2026-02-02 13:10:03,016 [INFO] IPUIPlugin:74 - create IPUIPlugin
2026-02-02 13:10:03,016 [INFO] PluginManager:213 - loadIPPluginJar : add ts
2026-02-02 13:10:03,017 [INFO] IPUIPlugin:74 - create IPUIPlugin
2026-02-02 13:10:03,018 [INFO] PluginManager:213 - loadIPPluginJar : add tsc
2026-02-02 13:10:03,021 [INFO] IPUIPlugin:74 - create IPUIPlugin
2026-02-02 13:10:03,021 [INFO] PluginManager:213 - loadIPPluginJar : add ucpd
2026-02-02 13:10:03,023 [INFO] IPUIPlugin:74 - create IPUIPlugin
2026-02-02 13:10:03,024 [INFO] PluginManager:213 - loadIPPluginJar : add usart
2026-02-02 13:10:03,026 [INFO] IPUIPlugin:74 - create IPUIPlugin
2026-02-02 13:10:03,026 [INFO] PluginManager:213 - loadIPPluginJar : add usbx
2026-02-02 13:10:03,369 [FATAL] Updater:294 - Updater called before beeing initialized
2026-02-02 13:10:03,484 [FATAL] Updater:294 - Updater called before beeing initialized
2026-02-02 13:10:03,489 [INFO] DbMcusAds:47 - JSON generation date=Thu Jan 08 22:57:51 ICT 2026 (1767887871456)
2026-02-02 13:10:03,490 [FATAL] Updater:294 - Updater called before beeing initialized
2026-02-02 13:10:03,530 [WARN] DetailPanel:314 - Failed to get advertising image, set to default
2026-02-02 13:10:03,649 [FATAL] Updater:294 - Updater called before beeing initialized
2026-02-02 13:10:03,651 [FATAL] Updater:294 - Updater called before beeing initialized
2026-02-02 13:10:03,651 [FATAL] Updater:294 - Updater called before beeing initialized
2026-02-02 13:10:03,651 [WARN] DetailPanel:314 - Failed to get advertising image, set to default
2026-02-02 13:10:03,653 [FATAL] Updater:294 - Updater called before beeing initialized
2026-02-02 13:10:03,704 [ERROR] Updater:1075 - MainUpdater not yet initialized. External WinMGr cannot be set.
2026-02-02 13:10:03,707 [INFO] Updater:1012 - Updater Version found : 6.3.0
2026-02-02 13:10:03,726 [INFO] ApplicationProperties:181 - Using Application install path: G:\STM32\STM32CubeIDE_1.7.0\STM32CubeIDE\plugins\com.st.stm32cube.common.mx_6.3.0.202107141111
2026-02-02 13:10:04,512 [INFO] MainUpdater:2671 - connection check result : 10
2026-02-02 13:10:04,513 [INFO] MainUpdater:265 - Updater Check For Update Now.
2026-02-02 13:10:04,513 [INFO] MicroXplorer:478 - Change Database Version : DB.6.0.30
2026-02-02 13:10:04,689 [INFO] CheckServerUpdateThread:112 - End of CheckServer Thread
2026-02-02 13:10:04,733 [INFO] MainUpdater:2671 - connection check result : 10
2026-02-02 13:10:04,997 [INFO] McuFinderGlobals:52 - Set McuFinderConnectedMode to false
2026-02-02 13:10:05,092 [INFO] CrossSelectorPresenter:1330 - Cross Selector saved comparison directory: C:\Users\ADMIN\.stmcufinder\plugins\mcufinder\mcu\cs_comparisons_mx
2026-02-02 13:10:05,099 [INFO] MultiScanPanel:197 - Auto-refresh data requested => check proxy status ongoing
2026-02-02 13:10:05,100 [INFO] MultiScanPanel:201 - Proxy status is invalid
2026-02-02 13:10:05,104 [INFO] FinderPluginLoader:87 - Searching for filters in installed packs
2026-02-02 13:10:05,106 [INFO] DbMcusXml:100 - Load MCU database from G:\STM32\STM32CubeIDE_1.7.0\STM32CubeIDE\plugins\com.st.stm32cube.common.mx_6.3.0.202107141111\\db\/mcu/families.xml
2026-02-02 13:10:05,596 [ERROR] Engine:463 - C:\Users\ADMIN\.stm32cubemx\thirdparties\pdsc\STMicroelectronics.FP-SNS-MOTENVWB1.1.4.0.pdsc: PDSC version is not supported
2026-02-02 13:10:05,623 [WARN] PackLoader:238 - Cannot read IP mode file for STMicroelectronics.FP-ATR-ASTRA1.2.0.2
2026-02-02 13:10:05,630 [ERROR] Engine:463 - C:\Users\ADMIN\.stm32cubemx\thirdparties\pdsc\STMicroelectronics.X-CUBE-SMBUS.2.1.0.pdsc: PDSC version is not supported
2026-02-02 13:10:05,632 [ERROR] Engine:463 - C:\Users\ADMIN\.stm32cubemx\thirdparties\pdsc\STMicroelectronics.X-CUBE-ST60.1.0.0.pdsc: PDSC version is not supported
2026-02-02 13:10:05,672 [WARN] PackLoader:238 - Cannot read IP mode file for STMicroelectronics.X-CUBE-AZRTOS-F7.1.1.0
2026-02-02 13:10:05,695 [ERROR] Engine:463 - C:\Users\ADMIN\.stm32cubemx\thirdparties\pdsc\STMicroelectronics.FP-SNS-MOTENV1.5.1.0.pdsc: PDSC version is not supported
2026-02-02 13:10:05,702 [ERROR] Engine:463 - C:\Users\ADMIN\.stm32cubemx\thirdparties\pdsc\Infineon.AIROC-Wi-Fi-Bluetooth-STM32.1.7.1.pdsc: PDSC version is not supported
2026-02-02 13:10:05,728 [WARN] PackLoader:238 - Cannot read IP mode file for STMicroelectronics.X-CUBE-AZRTOS-H7.3.4.0
2026-02-02 13:10:05,745 [ERROR] Engine:463 - C:\Users\ADMIN\.stm32cubemx\thirdparties\pdsc\STMicroelectronics.X-CUBE-DISPLAY.3.0.0.pdsc: PDSC version is not supported
2026-02-02 13:10:05,754 [WARN] PackLoader:238 - Cannot read IP mode file for STMicroelectronics.X-CUBE-NFC10.1.0.0
2026-02-02 13:10:05,762 [ERROR] Engine:463 - C:\Users\ADMIN\.stm32cubemx\thirdparties\pdsc\STMicroelectronics.X-CUBE-ST60.1.1.0.pdsc: PDSC version is not supported
2026-02-02 13:10:05,766 [ERROR] Engine:463 - C:\Users\ADMIN\.stm32cubemx\thirdparties\pdsc\emotas.I-CUBE-CANOPEN.1.3.0.pdsc: PDSC version is not supported
2026-02-02 13:10:05,772 [WARN] PackLoader:238 - Cannot read IP mode file for STMicroelectronics.X-CUBE-GNSS1.7.1.0
2026-02-02 13:10:05,781 [ERROR] Engine:463 - C:\Users\ADMIN\.stm32cubemx\thirdparties\pdsc\STMicroelectronics.FP-SNS-STBOX1.2.1.0.pdsc: PDSC version is not supported
2026-02-02 13:10:05,784 [ERROR] Engine:463 - C:\Users\ADMIN\.stm32cubemx\thirdparties\pdsc\STMicroelectronics.FP-SNS-SMARTAG2.1.2.0.pdsc: PDSC version is not supported
2026-02-02 13:10:05,786 [ERROR] Engine:463 - C:\Users\ADMIN\.stm32cubemx\thirdparties\pdsc\STMicroelectronics.FP-SNS-FLIGHT1.5.1.0.pdsc: PDSC version is not supported
2026-02-02 13:10:05,805 [INFO] LogOutputStream:76 - [STDOUT_REDIRECT] 1 : Invalid condition id : UX_CORESTACK_Condition cause : null
2026-02-02 13:10:05,808 [INFO] LogOutputStream:76 - [STDOUT_REDIRECT] 1 : Invalid condition id : UX_CORESTACK_Condition cause : null
2026-02-02 13:10:05,810 [INFO] LogOutputStream:76 - [STDOUT_REDIRECT] 1 : Invalid condition id : UX_CORESTACK_Condition cause : null
2026-02-02 13:10:05,811 [INFO] LogOutputStream:76 - [STDOUT_REDIRECT] 1 : Invalid condition id : UX_CORESTACK_Condition cause : null
2026-02-02 13:10:05,812 [INFO] LogOutputStream:76 - [STDOUT_REDIRECT] 1 : Invalid condition id : UX_CORESTACK_Condition cause : null
2026-02-02 13:10:05,817 [WARN] PackLoader:238 - Cannot read IP mode file for STMicroelectronics.X-CUBE-AZRTOS-WL.2.0.0
2026-02-02 13:10:05,822 [ERROR] Engine:463 - C:\Users\ADMIN\.stm32cubemx\thirdparties\pdsc\STMicroelectronics.FP-SNS-MOTENV1.5.0.0.pdsc: PDSC version is not supported
2026-02-02 13:10:05,875 [WARN] PackLoader:238 - Cannot read IP mode file for STMicroelectronics.X-CUBE-AZRTOS-H7RS.1.2.0
2026-02-02 13:10:05,888 [WARN] PackLoader:238 - Cannot read IP mode file for WES.I-CUBE-Cesium.1.3.0
2026-02-02 13:10:05,894 [WARN] PackLoader:238 - Cannot read IP mode file for STMicroelectronics.X-CUBE-BLE2.3.3.0
2026-02-02 13:10:05,898 [ERROR] Engine:463 - C:\Users\ADMIN\.stm32cubemx\thirdparties\pdsc\Avnet-IOTCONNECT.X-CUBE-iotc-st67-sdk.1.0.0.pdsc: PDSC version is not supported
2026-02-02 13:10:05,904 [WARN] PackLoader:238 - Cannot read IP mode file for STMicroelectronics.X-CUBE-NFC9.1.0.0
2026-02-02 13:10:05,911 [WARN] PackLoader:238 - Cannot read IP mode file for wolfSSL.I-CUBE-wolfSSL.5.8.2
2026-02-02 13:10:05,918 [WARN] PackLoader:238 - Cannot read IP mode file for STMicroelectronics.X-CUBE-BLE1.7.1.0
2026-02-02 13:10:05,924 [WARN] PackLoader:238 - Cannot read IP mode file for wolfSSL.I-CUBE-wolfMQTT.1.19.2
2026-02-02 13:10:05,927 [ERROR] Engine:463 - C:\Users\ADMIN\.stm32cubemx\thirdparties\pdsc\STMicroelectronics.X-CUBE-FREERTOS.1.4.0.pdsc: PDSC version is not supported
2026-02-02 13:10:05,936 [WARN] PackLoader:238 - Cannot read IP mode file for STMicroelectronics.X-CUBE-EEPRMA1.5.2.0
2026-02-02 13:10:05,952 [ERROR] Engine:463 - C:\Users\ADMIN\.stm32cubemx\thirdparties\pdsc\STMicroelectronics.X-CUBE-ST67W61.1.1.0.pdsc: PDSC version is not supported
2026-02-02 13:10:06,033 [WARN] PackLoader:238 - Cannot read IP mode file for STMicroelectronics.X-CUBE-MEMS1.12.0.0
2026-02-02 13:10:06,089 [INFO] DbMcusJson:93 - JSON generation date=Tue Nov 16 23:17:54 ICT 2021 (1637079474)
2026-02-02 13:10:06,222 [WARN] PackLoader:238 - Cannot read IP mode file for STMicroelectronics.X-CUBE-AZRTOS-G0.1.1.0
2026-02-02 13:10:06,233 [WARN] PackLoader:238 - Cannot read IP mode file for STMicroelectronics.X-CUBE-SAFEA1.1.2.2
2026-02-02 13:10:06,240 [WARN] PackLoader:238 - Cannot read IP mode file for STMicroelectronics.X-CUBE-NFC4.3.0.0
2026-02-02 13:10:06,244 [ERROR] Engine:463 - C:\Users\ADMIN\.stm32cubemx\thirdparties\pdsc\EmbeddedOffice.I-CUBE-FS-RTOS.1.0.1.pdsc: PDSC version is not supported
2026-02-02 13:10:06,254 [WARN] PackLoader:238 - Cannot read IP mode file for STMicroelectronics.X-CUBE-WB05N.2.0.0
2026-02-02 13:10:06,259 [WARN] PackLoader:238 - Cannot read IP mode file for wolfSSL.I-CUBE-wolfTPM.3.8.0
2026-02-02 13:10:06,262 [ERROR] Engine:463 - C:\Users\ADMIN\.stm32cubemx\thirdparties\pdsc\STMicroelectronics.X-CUBE-TCPP.4.2.0.pdsc: PDSC version is not supported
2026-02-02 13:10:06,264 [ERROR] Engine:463 - C:\Users\ADMIN\.stm32cubemx\thirdparties\pdsc\RealThread.X-CUBE-RT-Thread_Nano.4.1.1.pdsc: PDSC version is not supported
2026-02-02 13:10:06,269 [WARN] PackLoader:238 - Cannot read IP mode file for STMicroelectronics.FP-ATR-SIGFOX1.3.2.0
2026-02-02 13:10:06,272 [ERROR] Engine:463 - C:\Users\ADMIN\.stm32cubemx\thirdparties\pdsc\ITTIA_DB.I-CUBE-ITTIADB.8.9.0.pdsc: PDSC version is not supported
2026-02-02 13:10:06,280 [WARN] PackLoader:238 - Cannot read IP mode file for STMicroelectronics.X-CUBE-NFC6.3.2.0
2026-02-02 13:10:06,287 [ERROR] Engine:463 - C:\Users\ADMIN\.stm32cubemx\thirdparties\pdsc\STMicroelectronics.X-CUBE-ST67W61.1.0.0.pdsc: PDSC version is not supported
2026-02-02 13:10:06,291 [WARN] PackLoader:238 - Cannot read IP mode file for STMicroelectronics.X-CUBE-AI.10.2.0
2026-02-02 13:10:06,334 [WARN] PackLoader:238 - Cannot read IP mode file for SEGGER.I-CUBE-embOS.1.3.1
2026-02-02 13:10:06,376 [WARN] PackLoader:238 - Cannot read IP mode file for STMicroelectronics.X-CUBE-ALGOBUILD.1.4.0
2026-02-02 13:10:06,428 [WARN] PackLoader:238 - Cannot read IP mode file for STMicroelectronics.X-CUBE-MEMS1.11.3.0
2026-02-02 13:10:06,622 [WARN] PackLoader:238 - Cannot read IP mode file for STMicroelectronics.X-CUBE-PM33A1.1.0.0
2026-02-02 13:10:06,647 [WARN] PackLoader:238 - Cannot read IP mode file for STMicroelectronics.X-CUBE-AZRTOS-F4.1.1.0
2026-02-02 13:10:06,656 [ERROR] Engine:463 - C:\Users\ADMIN\.stm32cubemx\thirdparties\pdsc\Avnet-IotConnect.X-CUBE-IoTC-DA16k-PMOD.1.0.0.pdsc: PDSC version is not supported
2026-02-02 13:10:06,660 [WARN] PackLoader:238 - Cannot read IP mode file for STMicroelectronics.X-CUBE-ISPU.2.1.0
2026-02-02 13:10:06,680 [ERROR] Engine:463 - C:\Users\ADMIN\.stm32cubemx\thirdparties\pdsc\STMicroelectronics.X-CUBE-IPS.3.2.0.pdsc: PDSC version is not supported
2026-02-02 13:10:06,687 [WARN] PackLoader:238 - Cannot read IP mode file for STMicroelectronics.X-CUBE-NFC12.1.0.0
2026-02-02 13:10:06,706 [WARN] PackLoader:238 - Cannot read IP mode file for STMicroelectronics.X-CUBE-AZRTOS-L5.2.0.0
2026-02-02 13:10:06,714 [WARN] PackLoader:238 - Cannot read IP mode file for STMicroelectronics.X-CUBE-NFC6.3.1.0
2026-02-02 13:10:06,719 [ERROR] Engine:463 - C:\Users\ADMIN\.stm32cubemx\thirdparties\pdsc\STMicroelectronics.X-CUBE-FREERTOS.1.3.1.pdsc: PDSC version is not supported
2026-02-02 13:10:06,724 [WARN] PackLoader:238 - Cannot read IP mode file for STMicroelectronics.X-CUBE-TOUCHGFX.4.26.0
2026-02-02 13:10:06,727 [ERROR] Engine:463 - C:\Users\ADMIN\.stm32cubemx\thirdparties\pdsc\STMicroelectronics.FP-SNS-STAIOTCFT.1.0.0.pdsc: PDSC version is not supported
2026-02-02 13:10:06,730 [ERROR] Engine:463 - C:\Users\ADMIN\.stm32cubemx\thirdparties\pdsc\STMicroelectronics.X-CUBE-DPower.1.3.0.pdsc: PDSC version is not supported
2026-02-02 13:10:06,749 [WARN] ConditionMgr:437 - getConditionDescription Invalid condition id : LAN8742 Phy interface Condition cause : null
2026-02-02 13:10:06,750 [WARN] PackLoader:238 - Cannot read IP mode file for STMicroelectronics.X-CUBE-AZRTOS-L4.2.0.0
2026-02-02 13:10:06,751 [WARN] ConditionMgr:1038 - genDependencies : Invalid condition id : LAN8742 Phy interface Condition cause : null
2026-02-02 13:10:06,751 [WARN] ConditionMgr:1038 - genDependencies : Invalid condition id : LAN8742 Phy interface Condition cause : null
2026-02-02 13:10:06,752 [WARN] ConditionMgr:1038 - genDependencies : Invalid condition id : LAN8742 Phy interface Condition cause : null
2026-02-02 13:10:06,760 [WARN] PackLoader:238 - Cannot read IP mode file for STMicroelectronics.X-CUBE-SFXS2LP1.4.0.0
2026-02-02 13:10:06,764 [ERROR] Engine:463 - C:\Users\ADMIN\.stm32cubemx\thirdparties\pdsc\STMicroelectronics.X-CUBE-BLEMGR.4.1.0.pdsc: PDSC version is not supported
2026-02-02 13:10:06,766 [INFO] DbMcus:175 - Found 1951 MCUs (1903 are supported by CubeMX, 1914 are visible in CubeMX)
2026-02-02 13:10:06,768 [INFO] ApiDb:251 - Load user favorites file C:\Users\ADMIN/.stm32cubeide/favorites.mcus.txt: 1 item(s)
2026-02-02 13:10:06,768 [INFO] ApiDb:255 - User favorites MCUs=[STM32F103C6Tx]
2026-02-02 13:10:06,769 [INFO] DbMcus:187 - Set 1 / 1 favorites MCUs
2026-02-02 13:10:06,779 [WARN] ConditionMgr:437 - getConditionDescription Invalid condition id : UX DEVICE CLASS RTOS Condition cause : null
2026-02-02 13:10:06,780 [WARN] ConditionMgr:437 - getConditionDescription Invalid condition id : UX DEVICE CLASS RTOS Condition cause : null
2026-02-02 13:10:06,786 [WARN] PackLoader:238 - Cannot read IP mode file for STMicroelectronics.X-CUBE-AZRTOS-WB.2.0.0
2026-02-02 13:10:06,787 [WARN] ConditionMgr:1038 - genDependencies : Invalid condition id : UX DEVICE CLASS RTOS Condition cause : null
2026-02-02 13:10:06,787 [WARN] ConditionMgr:1038 - genDependencies : Invalid condition id : UX DEVICE CLASS RTOS Condition cause : null
2026-02-02 13:10:06,788 [WARN] ConditionMgr:1038 - genDependencies : Invalid condition id : UX DEVICE CLASS RTOS Condition cause : null
2026-02-02 13:10:06,788 [WARN] ConditionMgr:1038 - genDependencies : Invalid condition id : UX DEVICE CLASS RTOS Condition cause : null
2026-02-02 13:10:06,788 [WARN] ConditionMgr:1038 - genDependencies : Invalid condition id : UX DEVICE CLASS RTOS Condition cause : null
2026-02-02 13:10:06,793 [WARN] PackLoader:238 - Cannot read IP mode file for STMicroelectronics.X-CUBE-GNSS1.7.0.1
2026-02-02 13:10:06,797 [WARN] PackLoader:238 - Cannot read IP mode file for STMicroelectronics.X-CUBE-TOUCHGFX.4.25.0
2026-02-02 13:10:06,800 [ERROR] Engine:463 - C:\Users\ADMIN\.stm32cubemx\thirdparties\pdsc\quantropi.X-CUBE-qispace-sdk-base.2.1.0.pdsc: PDSC version is not supported
2026-02-02 13:10:06,807 [WARN] PackLoader:238 - Cannot read IP mode file for STMicroelectronics.X-CUBE-STSE01.2.0.0
2026-02-02 13:10:06,818 [WARN] PackLoader:238 - Cannot read IP mode file for STMicroelectronics.X-CUBE-SUBG2.5.0.0
2026-02-02 13:10:06,844 [WARN] PackLoader:238 - Cannot read IP mode file for STMicroelectronics.X-CUBE-AZRTOS-H7RS.1.1.0
2026-02-02 13:10:06,850 [ERROR] Engine:463 - C:\Users\ADMIN\.stm32cubemx\thirdparties\pdsc\Cesanta.I-CUBE-Mongoose.7.13.0.pdsc: PDSC version is not supported
2026-02-02 13:10:06,865 [WARN] PackLoader:238 - Cannot read IP mode file for STMicroelectronics.X-CUBE-AZRTOS-G4.2.0.0
2026-02-02 13:10:06,872 [WARN] PackLoader:238 - Cannot read IP mode file for wolfSSL.I-CUBE-wolfSSH.1.4.20
2026-02-02 13:10:06,878 [WARN] PackLoader:238 - Cannot read IP mode file for STMicroelectronics.X-CUBE-NFC7.2.0.0
2026-02-02 13:10:06,884 [ERROR] Engine:463 - C:\Users\ADMIN\.stm32cubemx\thirdparties\pdsc\STMicroelectronics.X-CUBE-IPS.3.1.0.pdsc: PDSC version is not supported
2026-02-02 13:10:06,886 [ERROR] Engine:463 - C:\Users\ADMIN\.stm32cubemx\thirdparties\pdsc\STMicroelectronics.X-CUBE-ALS.1.0.2.pdsc: PDSC version is not supported
2026-02-02 13:10:06,892 [WARN] PackLoader:238 - Cannot read IP mode file for STMicroelectronics.X-CUBE-STSE01.1.0.0
2026-02-02 13:10:06,899 [WARN] PackLoader:238 - Cannot read IP mode file for portGmbH.I-Cube-SoM-uGOAL.1.1.0
2026-02-02 13:10:06,906 [ERROR] Engine:463 - C:\Users\ADMIN\.stm32cubemx\thirdparties\pdsc\STMicroelectronics.X-CUBE-TOF1.3.4.3.pdsc: PDSC version is not supported
2026-02-02 13:10:06,907 [INFO] ThirdParty:915 - Integrity check success = true
2026-02-02 13:10:06,907 [INFO] IntegrityCheckThread:94 - exiting critical section [integrity check]
2026-02-02 13:10:06,907 [INFO] IntegrityCheckThread:97 - End integrity checks thread
2026-02-02 13:10:07,287 [INFO] DetailPanel:309 - Set advertising image to C:/Users/ADMIN/STM32Cube/Repository/\en.prom-stm32mp21-0126.png
2026-02-02 13:10:07,662 [INFO] DbBoardsPdsc:90 - Found 25 items
2026-02-02 13:10:07,664 [INFO] DbBoardsPdsc:90 - Found 9 items
2026-02-02 13:10:07,666 [INFO] DbBoardsPdsc:90 - Found 33 items
2026-02-02 13:10:07,668 [INFO] DbBoardsPdsc:90 - Found 1 items
2026-02-02 13:10:07,674 [INFO] DbBoardsPdsc:90 - Found 48 items
2026-02-02 13:10:07,684 [INFO] DbBoardsPdsc:90 - Found 43 items
2026-02-02 13:10:07,686 [INFO] DbBoardsPdsc:90 - Found 2 items
2026-02-02 13:10:07,688 [INFO] DbBoardsPdsc:90 - Found 5 items
2026-02-02 13:10:07,692 [WARN] DbBoardsPdsc:254 - Board STM32H7B3I-DK: unknown feature type=Audio, name=, username=Audio stereo codec with Headphone Amp (CS42L51-CNZ), n=1
2026-02-02 13:10:07,692 [WARN] DbBoardsPdsc:254 - Board STM32H735G-DK: unknown feature type=Audio, name=, username=Audio stereo codec with Headphone Amp (WM8994ECS/R), n=1
2026-02-02 13:10:07,694 [WARN] DbBoardsPdsc:254 - Board STM32H7B3I-EVAL: unknown feature type=Audio, name=, username=Multi-Channel Audio Codec (CS42L51-CNZ), n=1
2026-02-02 13:10:07,694 [WARN] DbBoardsPdsc:254 - Board STM32H7B3I-EVAL: unknown feature type=Meter, name=, username=Power-metering and Temperature-monitoring with sigma-delta modulators, n=1
2026-02-02 13:10:07,694 [WARN] DbBoardsPdsc:254 - Board STM32H7B3I-EVAL: unknown feature type=Motor, name=, username=Motor Control, n=1
2026-02-02 13:10:07,694 [WARN] DbBoardsPdsc:254 - Board STM32U575I-EV: unknown feature type=joystick, name=, username=4-direction joystick with selection button, n=1
2026-02-02 13:10:07,713 [INFO] DbBoardsJson:86 - JSON generation date=Tue Nov 16 23:17:54 ICT 2021 (1637079474)
2026-02-02 13:10:07,720 [INFO] DbBoards:117 - Found 167 boards (163 are supported by CubeMX)
2026-02-02 13:10:07,723 [INFO] DbBoardsDocs:143 - JSON generation date=Tue Nov 16 23:17:54 ICT 2021 (1637079474)
2026-02-02 13:10:07,727 [INFO] DbBoardsDocs:79 - Found 209 boards documents
2026-02-02 13:10:07,727 [WARN] DbBoards:127 - board B-L475E-IOT01A2 has no document id list !
2026-02-02 13:10:07,728 [WARN] DbBoards:127 - board NUCLEO-H743ZI has no document id list !
2026-02-02 13:10:07,729 [WARN] DbBoards:127 - board NUCLEO-WL55JC2 has no document id list !
2026-02-02 13:10:07,729 [WARN] DbBoards:127 - board P-NUCLEO-WB55-Nucleo has no document id list !
2026-02-02 13:10:07,729 [WARN] DbBoards:127 - board P-NUCLEO-WB55-USBDongle has no document id list !
2026-02-02 13:10:07,729 [WARN] DbBoards:127 - board STEVAL-BFA001V1B has no document id list !
2026-02-02 13:10:07,731 [WARN] DbBoards:127 - board STEVAL-BFA001V2B has no document id list !
2026-02-02 13:10:07,731 [WARN] DbBoards:127 - board STEVAL-IDP005V1 has no document id list !
2026-02-02 13:10:07,731 [WARN] DbBoards:127 - board STEVAL-IDP005V2 has no document id list !
2026-02-02 13:10:07,731 [WARN] DbBoards:127 - board STEVAL-MKSBOX1V1 has no document id list !
2026-02-02 13:10:07,731 [WARN] DbBoards:127 - board STEVAL-STWINKT1 has no document id list !
2026-02-02 13:10:07,731 [WARN] DbBoards:127 - board STEVAL-STWINKT1B has no document id list !
2026-02-02 13:10:07,731 [WARN] DbBoards:127 - board STM32439I-EVAL2 has no document id list !
2026-02-02 13:10:07,731 [WARN] DbBoards:127 - board STM32F401C-DISCO has no document id list !
2026-02-02 13:10:07,732 [WARN] DbBoards:127 - board STM32F769I-DISC1 has no document id list !
2026-02-02 13:10:07,732 [WARN] DbBoards:127 - board STM32G474E-EVAL1 has no document id list !
2026-02-02 13:10:07,733 [WARN] DbBoards:127 - board STM32H743I-EVAL2 has no document id list !
2026-02-02 13:10:07,733 [WARN] DbBoards:127 - board STM32H747I-DISC1 has no document id list !
2026-02-02 13:10:07,733 [WARN] DbBoards:127 - board STM32H753I-EVAL2 has no document id list !
2026-02-02 13:10:07,734 [WARN] DbBoards:127 - board STM32L-DISCOVERY has no document id list !
2026-02-02 13:10:07,876 [ERROR] DbBoards:189 - Image file not found for board B-U585I-IOT02A: G:\STM32\STM32CubeIDE_1.7.0\STM32CubeIDE\plugins\com.st.stm32cube.common.mx_6.3.0.202107141111\\db\/plugins/mcufinder/images/boards/B-U585I-IOT02A_small.jpg
2026-02-02 13:10:08,006 [ERROR] DbBoards:189 - Image file not found for board NUCLEO-F413ZH: G:\STM32\STM32CubeIDE_1.7.0\STM32CubeIDE\plugins\com.st.stm32cube.common.mx_6.3.0.202107141111\\db\/plugins/mcufinder/images/boards/nucleo-f413zh_small.jpg
2026-02-02 13:10:08,219 [ERROR] DbBoards:189 - Image file not found for board NUCLEO-L552ZE-Q: G:\STM32\STM32CubeIDE_1.7.0\STM32CubeIDE\plugins\com.st.stm32cube.common.mx_6.3.0.202107141111\\db\/plugins/mcufinder/images/boards/nucleo_l552ze_q_small.jpg
2026-02-02 13:10:08,220 [ERROR] DbBoards:189 - Image file not found for board NUCLEO-U575ZI-Q: G:\STM32\STM32CubeIDE_1.7.0\STM32CubeIDE\plugins\com.st.stm32cube.common.mx_6.3.0.202107141111\\db\/plugins/mcufinder/images/boards/nucleo-u575zi-q_small.jpg
2026-02-02 13:10:08,220 [ERROR] DbBoards:189 - Image file not found for board NUCLEO-WB15CC: G:\STM32\STM32CubeIDE_1.7.0\STM32CubeIDE\plugins\com.st.stm32cube.common.mx_6.3.0.202107141111\\db\/plugins/mcufinder/images/boards/nucleo-wb15cc_small.jpg
2026-02-02 13:10:08,220 [ERROR] DbBoards:189 - Image file not found for board NUCLEO-WB55RG: G:\STM32\STM32CubeIDE_1.7.0\STM32CubeIDE\plugins\com.st.stm32cube.common.mx_6.3.0.202107141111\\db\/plugins/mcufinder/images/boards/nucleo-wb55rg_small.jpg
2026-02-02 13:10:09,576 [INFO] ApiDb:251 - Load user favorites file C:\Users\ADMIN/.stm32cubeide/favorites.boards.txt: 1 item(s)
2026-02-02 13:10:09,576 [INFO] ApiDb:255 - User favorites Boards=[NUCLEO-F401RE]
2026-02-02 13:10:09,576 [INFO] DbBoards:206 - Set 1 / 1 favorites Boards
2026-02-02 13:10:11,920 [INFO] MultiScanPanel:197 - Auto-refresh data requested => check proxy status ongoing
2026-02-02 13:10:11,921 [INFO] MultiScanPanel:201 - Proxy status is invalid
2026-02-02 13:10:11,974 [INFO] DetailPanel:309 - Set advertising image to C:/Users/ADMIN/STM32Cube/Repository/\en.prom-stm32mp21-0126.png
2026-02-02 13:10:30,503 [INFO] McuFinderGlobals:52 - Set McuFinderConnectedMode to true
2026-02-02 13:10:30,506 [INFO] ApiDb:276 - Save user favorites file C:\Users\ADMIN/.stm32cubeide/favorites.mcus.txt: 1 item(s)
2026-02-02 13:10:30,509 [INFO] ApiDb:280 - User favorites MCUs=[STM32F103C6Tx]
2026-02-02 13:10:30,511 [INFO] ApiDb:276 - Save user favorites file C:\Users\ADMIN/.stm32cubeide/favorites.boards.txt: 1 item(s)
2026-02-02 13:10:30,511 [INFO] ApiDb:280 - User favorites Boards=[NUCLEO-F401RE]
2026-02-02 14:10:21,612 [INFO] Activator:177 - 


2026-02-02 14:10:21,615 [INFO] Activator:178 - !SESSION log4j initialized
